<?xml version="1.0" encoding="UTF-8"?>
<testng-results skipped="0" failed="0" ignored="0" total="1" passed="1">
  <reporter-output>
  </reporter-output>
  <suite name="Suite" duration-ms="22936" started-at="2021-08-26T16:42:30Z" finished-at="2021-08-26T16:42:53Z">
    <groups>
    </groups>
    <test name="Test" duration-ms="22936" started-at="2021-08-26T16:42:30Z" finished-at="2021-08-26T16:42:53Z">
      <class name="package1.class2">
        <test-method status="PASS" signature="setUp(java.lang.String)[pri:0, instance:package1.class2@17c1bced]" name="setUp" is-config="true" duration-ms="2696" started-at="2021-08-26T16:42:30Z" finished-at="2021-08-26T16:42:32Z">
          <params>
            <param index="0">
              <value>
                <![CDATA[chrome]]>
              </value>
            </param>
          </params>
          <reporter-output>
          </reporter-output>
        </test-method> <!-- setUp -->
        <test-method status="PASS" signature="testng()[pri:0, instance:package1.class2@17c1bced]" name="testng" duration-ms="19527" started-at="2021-08-26T16:42:32Z" finished-at="2021-08-26T16:42:52Z">
          <reporter-output>
          </reporter-output>
        </test-method> <!-- testng -->
        <test-method status="PASS" signature="tearDown()[pri:0, instance:package1.class2@17c1bced]" name="tearDown" is-config="true" duration-ms="692" started-at="2021-08-26T16:42:52Z" finished-at="2021-08-26T16:42:53Z">
          <reporter-output>
          </reporter-output>
        </test-method> <!-- tearDown -->
      </class> <!-- package1.class2 -->
    </test> <!-- Test -->
  </suite> <!-- Suite -->
</testng-results>
